[themes.muffingroup.com/be/itservice3/index.html]
[www.google-analytics.com/analytics.js]
[backblue.gif]
[fade.gif]
[index.html]
[themes.muffingroup.com/be/itservice3/wp-content/themes/betheme/images/favicon.ico]
[themes.muffingroup.com/be/itservice3/wp-content/cache/minify/0b648.css]
[themes.muffingroup.com/be/itservice3/wp-content/cache/minify/eb214.css]
[themes.muffingroup.com/be/itservice3/feed/index.html]
[themes.muffingroup.com/be/itservice3/comments/feed/index.html]
[themes.muffingroup.com/be/itservice3/sample-page/feed/index.html]
[themes.muffingroup.com/be/itservice3/wp-content/uploads/2019/11/itservice3-subheader.jpg]
[themes.muffingroup.com/be/itservice3/wp-content/cache/minify/78f48.css]
[themes.muffingroup.com/be/itservice3/wp-content/cache/minify/8192a.js]
[themes.muffingroup.com/be/itservice3/xmlrpc0db0.php]
[themes.muffingroup.com/be/itservice3/wp-json/index.html]
[themes.muffingroup.com/be/itservice3/wp-includes/wlwmanifest.xml]
[themes.muffingroup.com/be/itservice3/wp-json/oembed/1.0/embed33d6.json]
[themes.muffingroup.com/be/itservice3/wp-json/oembed/1.0/embedd0d4]
[themes.muffingroup.com/be/itservice3/wp-content/uploads/2019/11/itservice3.png]
[themes.muffingroup.com/be/itservice3/wp-content/uploads/2020/01/repair3-slider-bg.jpg]
[themes.muffingroup.com/be/itservice3/wp-content/uploads/2019/11/itservice3-home-icon1.png]
[themes.muffingroup.com/be/itservice3/about-us/index.html]
[themes.muffingroup.com/be/itservice3/services/index.html]
[themes.muffingroup.com/be/itservice3/pricing/index.html]
[themes.muffingroup.com/be/itservice3/contact/index.html]
[themes.muffingroup.com/be/itservice3/wp-content/uploads/2019/11/itservice3-home-num1.png]
[themes.muffingroup.com/be/itservice3/wp-content/uploads/2019/11/itservice3-home-icon2.png]
[themes.muffingroup.com/be/itservice3/wp-content/uploads/2019/11/itservice3-home-num2.png]
[themes.muffingroup.com/be/itservice3/wp-content/uploads/2019/11/itservice3-home-icon3.png]
[themes.muffingroup.com/be/itservice3/wp-content/uploads/2019/11/itservice3-home-num3.png]
[themes.muffingroup.com/be/itservice3/wp-content/uploads/2019/11/itservice3-home-icon4.png]
[themes.muffingroup.com/be/itservice3/wp-content/uploads/2019/11/itservice3-home-num4.png]
[themes.muffingroup.com/be/itservice3/wp-content/uploads/2019/11/itservice3-about-pic1.jpg]
[themes.muffingroup.com/be/itservice3/wp-content/uploads/2019/11/itservice3-sectionbg1.png]
[themes.muffingroup.com/be/itservice3/wp-content/uploads/2019/11/itservice3-services-pic1.jpg]
[themes.muffingroup.com/be/itservice3/wp-content/uploads/2019/11/itservice3-services-pic2.jpg]
[themes.muffingroup.com/be/itservice3/wp-content/uploads/2019/11/itservice3-services-pic3.jpg]
[themes.muffingroup.com/be/itservice3/wp-content/uploads/2019/11/itservice3-services-pic4.jpg]
[themes.muffingroup.com/cdn-cgi/scripts/5c5dd728/cloudflare-static/email-decode.min.js]
[themes.muffingroup.com/be/itservice3/wp-content/cache/minify/4c6a5.js]
[themes.muffingroup.com/be/itservice3/indexaa26.html]
[themes.muffingroup.com/be/itservice3/index.html]
[themes.muffingroup.com/be/itservice3/wp-content/cache/minify/1fbdc.js]
[themes.muffingroup.com/be/itservice3/wp-content/plugins/contact-form-7/images/ajax-loader.gif]
[themes.muffingroup.com/be/itservice3/wp-content/plugins/revslider/public/assets/fonts/revicons/revicons90c6.eot]
[themes.muffingroup.com/be/itservice3/wp-content/plugins/revslider/public/assets/fonts/revicons/revicons90c6.woff]
[themes.muffingroup.com/be/itservice3/wp-content/plugins/revslider/public/assets/fonts/revicons/revicons90c6.ttf]
[themes.muffingroup.com/be/itservice3/wp-content/plugins/revslider/public/assets/fonts/revicons/revicons90c6.svg]
[themes.muffingroup.com/be/itservice3/wp-content/plugins/revslider/public/assets/assets/gridtile.png]
[themes.muffingroup.com/be/itservice3/wp-content/plugins/revslider/public/assets/assets/gridtile_white.png]
[themes.muffingroup.com/be/itservice3/wp-content/plugins/revslider/public/assets/assets/gridtile_3x3.png]
[themes.muffingroup.com/be/itservice3/wp-content/plugins/revslider/public/assets/assets/gridtile_3x3_white.png]
[themes.muffingroup.com/be/itservice3/wp-content/plugins/revslider/public/assets/assets/coloredbg.png]
[themes.muffingroup.com/be/itservice3/wp-content/plugins/revslider/public/assets/assets/loader.gif]
[themes.muffingroup.com/be/itservice3/wp-content/cache/minify/0b648.css]
[themes.muffingroup.com/be/itservice3/wp-content/themes/betheme/fonts/mfn-icons4cdc.eot]
[themes.muffingroup.com/be/itservice3/wp-content/themes/betheme/fonts/mfn-icons4cdc.woff]
[themes.muffingroup.com/be/itservice3/wp-content/themes/betheme/fonts/mfn-icons4cdc.ttf]
[themes.muffingroup.com/be/itservice3/wp-content/themes/betheme/fonts/mfn-icons4cdc.svg]
[themes.muffingroup.com/be/itservice3/wp-content/themes/betheme/images/stripes/stripes_5_b.png]
[themes.muffingroup.com/be/itservice3/wp-content/themes/betheme/images/stripes/stripes_3_b.png]
[themes.muffingroup.com/be/itservice3/wp-content/themes/betheme/images/preloader.gif]
[themes.muffingroup.com/be/itservice3/wp-content/themes/betheme/images/box_shadow.png]
[themes.muffingroup.com/be/itservice3/wp-content/themes/betheme/images/blog_masonry_tile_gradient.png]
[themes.muffingroup.com/be/itservice3/wp-content/themes/betheme/images/timeline_right.png]
[themes.muffingroup.com/be/itservice3/wp-content/themes/betheme/images/recent_comments.png]
[themes.muffingroup.com/be/itservice3/wp-content/themes/betheme/images/stripes/stripes_10_w.png]
[themes.muffingroup.com/be/itservice3/wp-content/themes/betheme/images/videomask.png]
[themes.muffingroup.com/be/itservice3/wp-content/themes/betheme/images/stripes/textline_dark.png]
[themes.muffingroup.com/be/itservice3/wp-content/themes/betheme/images/fancy_heading_hr_dark.png]
[themes.muffingroup.com/be/itservice3/wp-content/themes/betheme/images/stripes/textline.png]
[themes.muffingroup.com/be/itservice3/wp-content/themes/betheme/images/stripes/stripes_10_b.png]
[themes.muffingroup.com/be/itservice3/wp-content/themes/betheme/images/timeline_top.png]
[themes.muffingroup.com/be/itservice3/wp-content/themes/betheme/images/timeline_left.png]
[themes.muffingroup.com/be/itservice3/wp-content/themes/betheme/images/fancy_heading_hr.png]
[themes.muffingroup.com/be/itservice3/wp-content/themes/betheme/assets/ui/images/ui-icons_222222_256x240.png]
[themes.muffingroup.com/be/itservice3/wp-content/themes/betheme/assets/ui/images/ui-bg_flat_0_aaaaaa_40x100.png]
[themes.muffingroup.com/be/itservice3/wp-content/themes/betheme/assets/ui/images/bg_widget_header.png]
[themes.muffingroup.com/be/itservice3/wp-content/themes/betheme/assets/ui/images/bg_widget_header_active.png]
[themes.muffingroup.com/be/itservice3/wp-content/themes/betheme/images/bg_panel.png]
[themes.muffingroup.com/be/itservice3/wp-content/themes/betheme/assets/ui/images/ui-bg_flat_75_ffffff_40x100.png]
[themes.muffingroup.com/be/itservice3/wp-content/themes/betheme/assets/ui/images/ui-bg_glass_55_fbf9ee_1x400.png]
[themes.muffingroup.com/be/itservice3/wp-content/themes/betheme/assets/ui/images/ui-bg_glass_95_fef1ec_1x400.png]
[themes.muffingroup.com/be/itservice3/wp-content/themes/betheme/assets/ui/images/ui-icons_888888_256x240.png]
[themes.muffingroup.com/be/itservice3/wp-content/themes/betheme/assets/ui/images/ui-icons_2e83ff_256x240.png]
[themes.muffingroup.com/be/itservice3/wp-content/themes/betheme/assets/ui/images/ui-icons_cd0a0a_256x240.png]
[themes.muffingroup.com/be/itservice3/wp-content/themes/betheme/assets/ui/images/ui-icons_454545_256x240.png]
[themes.muffingroup.com/be/itservice3/wp-content/themes/betheme/assets/jplayer/css/jplayer.png]
[themes.muffingroup.com/be/itservice3/wp-content/themes/betheme/assets/jplayer/css/jplayer.blue.monday.jpg]
[themes.muffingroup.com/be/itservice3/wp-content/themes/betheme/assets/jplayer/css/jplayer.blue.monday.seeking.gif]
[themes.muffingroup.com/be/itservice3/wp-content/cache/minify/eb214.css]
[themes.muffingroup.com/be/itservice3/wp-content/plugins/mfn-be-demo/images/be@2x.jpg]
[themes.muffingroup.com/be/itservice3/wp-content/cache/minify/78f48.css]
[themes.muffingroup.com/be/itservice3/Version/index.html]
[themes.muffingroup.com/be/itservice3/CustomEase.min.50.delayed]
[themes.muffingroup.com/be/TweenLite.min.js]
[themes.muffingroup.com/be/itservice3/wp-content/cache/minify/8192a.js]
[themes.muffingroup.com/be/itservice3/xmlrpc0db0.html]
[player.vimeo.com/api/player.js]
[themes.muffingroup.com/be/itservice3/wp-json/oembed/1.0/embed6668.json]
[themes.muffingroup.com/be/itservice3/wp-json/oembed/1.0/embedd0b8]
[themes.muffingroup.com/be/itservice3/wp-content/uploads/2019/11/itservice3-about-icon1.png]
[themes.muffingroup.com/be/itservice3/wp-content/uploads/2019/11/itservice3-about-icon2.png]
[themes.muffingroup.com/be/itservice3/wp-content/uploads/2019/11/itservice3-about-icon3.png]
[themes.muffingroup.com/be/itservice3/wp-content/uploads/2019/11/itservice3-about-icon4.png]
[themes.muffingroup.com/be/itservice3/wp-content/uploads/2019/11/itservice3-about-pic2.jpg]
[themes.muffingroup.com/be/itservice3/about-us/index.html]
[themes.muffingroup.com/be/itservice3/wp-json/oembed/1.0/embed31c2.json]
[themes.muffingroup.com/be/itservice3/services/index.html]
[themes.muffingroup.com/be/itservice3/wp-json/oembed/1.0/embed2e2a]
[themes.muffingroup.com/be/itservice3/wp-json/oembed/1.0/embedd172.json]
[themes.muffingroup.com/be/itservice3/wp-json/oembed/1.0/embed605f]
[themes.muffingroup.com/be/itservice3/wp-content/uploads/2019/11/itservice3-pricing-pic1.jpg]
[themes.muffingroup.com/be/itservice3/wp-content/uploads/2019/11/itservice3-pricing-pic2.jpg]
[themes.muffingroup.com/be/itservice3/pricing/index.html]
[themes.muffingroup.com/be/itservice3/wp-json/oembed/1.0/embed4b0d.json]
[themes.muffingroup.com/be/itservice3/contact/index.html]
[themes.muffingroup.com/be/itservice3/indexaa26.html]
[themes.muffingroup.com/be/itservice3/wp-json/oembed/1.0/embed2024]
[themes.muffingroup.com/be/itservice3/wp-content/cache/minify/4c6a5.js]
[themes.muffingroup.com/be/itservice3/wp-content/cache/minify/1fbdc.js]
[themes.muffingroup.com/be/itservice3/wp-content/plugins/revslider/public/assets/fonts/revicons/revicons90c6.svg]
[themes.muffingroup.com/be/itservice3/wp-content/plugins/revslider/public/assets/css/openhand.html]
[themes.muffingroup.com/be/itservice3/wp-content/plugins/revslider/public/assets/css/closedhand.html]
[themes.muffingroup.com/be/itservice3/wp-content/themes/betheme/fonts/mfn-icons4cdc.svg]
[themes.muffingroup.com/be/itservice3/Version/index.html]
[themes.muffingroup.com/be/itservice3/CustomEase.min.html]
[themes.muffingroup.com/be/TweenLite.min.html]
[themes.muffingroup.com/be/itservice3/origin=https_/index.html]
[themes.muffingroup.com/be/itservice3/index2df4.html]
[themes.muffingroup.com/be/itservice3/index0b69.html]
[themes.muffingroup.com/be/itservice3/index64b4.html]
[themes.muffingroup.com/be/itservice3/index678b.html]
